Using pre-set license
Built from '2021.3/staging' branch; Version is '2021.3.16f1 (4016570cf34f) revision 4200023'; Using compiler version '192829333'; Build Type 'Release'
OS: 'Windows 10  (10.0.19044) 64bit Professional' Language: 'en' Physical Memory: 16235 MB
BatchMode: 1, IsHumanControllingUs: 0, StartBugReporterOnCrash: 0, Is64bit: 1, IsPro: 1

COMMAND LINE ARGUMENTS:
C:\Program Files\Unity\Hub\Editor\2021.3.16f1\Editor\Unity.exe
-adb2
-batchMode
-noUpm
-name
AssetImportWorker0
-projectPath
D:/Work Files/The Forge/Beekeeping Project/2.) Project Files/Unity Project/Beekeping/ForgeBeekeepingVR
-logFile
Logs/AssetImportWorker0.log
-srvPort
65138
Successfully changed project path to: D:/Work Files/The Forge/Beekeeping Project/2.) Project Files/Unity Project/Beekeping/ForgeBeekeepingVR
D:/Work Files/The Forge/Beekeeping Project/2.) Project Files/Unity Project/Beekeping/ForgeBeekeepingVR
[UnityMemory] Configuration Parameters - Can be set up in boot.config
    "memorysetup-bucket-allocator-granularity=16"
    "memorysetup-bucket-allocator-bucket-count=8"
    "memorysetup-bucket-allocator-block-size=33554432"
    "memorysetup-bucket-allocator-block-count=8"
    "memorysetup-main-allocator-block-size=16777216"
    "memorysetup-thread-allocator-block-size=16777216"
    "memorysetup-gfx-main-allocator-block-size=16777216"
    "memorysetup-gfx-thread-allocator-block-size=16777216"
    "memorysetup-cache-allocator-block-size=4194304"
    "memorysetup-typetree-allocator-block-size=2097152"
    "memorysetup-profiler-bucket-allocator-granularity=16"
    "memorysetup-profiler-bucket-allocator-bucket-count=8"
    "memorysetup-profiler-bucket-allocator-block-size=33554432"
    "memorysetup-profiler-bucket-allocator-block-count=8"
    "memorysetup-profiler-allocator-block-size=16777216"
    "memorysetup-profiler-editor-allocator-block-size=1048576"
    "memorysetup-temp-allocator-size-main=16777216"
    "memorysetup-job-temp-allocator-block-size=2097152"
    "memorysetup-job-temp-allocator-block-size-background=1048576"
    "memorysetup-job-temp-allocator-reduction-small-platforms=262144"
    "memorysetup-temp-allocator-size-background-worker=32768"
    "memorysetup-temp-allocator-size-job-worker=262144"
    "memorysetup-temp-allocator-size-preload-manager=33554432"
    "memorysetup-temp-allocator-size-nav-mesh-worker=65536"
    "memorysetup-temp-allocator-size-audio-worker=65536"
    "memorysetup-temp-allocator-size-cloud-worker=32768"
    "memorysetup-temp-allocator-size-gi-baking-worker=262144"
    "memorysetup-temp-allocator-size-gfx=262144"
Player connection [10448] Host "[IP] 192.168.47.1 [Port] 0 [Flags] 2 [Guid] 2749102647 [EditorId] 2749102647 [Version] 1048832 [Id] WindowsEditor(7,DESKTOP-0A1CPIK) [Debug] 1 [PackageName] WindowsEditor [ProjectName] Editor" joined multi-casting on [225.0.0.222:54997]...

Player connection [10448] Host "[IP] 192.168.47.1 [Port] 0 [Flags] 2 [Guid] 2749102647 [EditorId] 2749102647 [Version] 1048832 [Id] WindowsEditor(7,DESKTOP-0A1CPIK) [Debug] 1 [PackageName] WindowsEditor [ProjectName] Editor" joined alternative multi-casting on [225.0.0.222:34997]...

Refreshing native plugins compatible for Editor in 123.42 ms, found 9 plugins.
Preloading 1 native plugins for Editor in 0.83 ms.
Initialize engine version: 2021.3.16f1 (4016570cf34f)
[Subsystems] Discovering subsystems at path C:/Program Files/Unity/Hub/Editor/2021.3.16f1/Editor/Data/Resources/UnitySubsystems
[Subsystems] Discovering subsystems at path D:/Work Files/The Forge/Beekeeping Project/2.) Project Files/Unity Project/Beekeping/ForgeBeekeepingVR/Assets
GfxDevice: creating device client; threaded=0; jobified=0
Direct3D:
    Version:  Direct3D 11.0 [level 11.0]
    Renderer: NVIDIA Quadro M1200 (ID=0x13b6)
    Vendor:   NVIDIA
    VRAM:     4054 MB
    Driver:   31.0.15.2727
Initialize mono
Mono path[0] = 'C:/Program Files/Unity/Hub/Editor/2021.3.16f1/Editor/Data/Managed'
Mono path[1] = 'C:/Program Files/Unity/Hub/Editor/2021.3.16f1/Editor/Data/MonoBleedingEdge/lib/mono/unityjit-win32'
Mono config path = 'C:/Program Files/Unity/Hub/Editor/2021.3.16f1/Editor/Data/MonoBleedingEdge/etc'
Using monoOptions --debugger-agent=transport=dt_socket,embedding=1,server=y,suspend=n,address=127.0.0.1:56092
Begin MonoManager ReloadAssembly
Registering precompiled unity dll's ...
Register platform support module: C:/Program Files/Unity/Hub/Editor/2021.3.16f1/Editor/Data/PlaybackEngines/AndroidPlayer/UnityEditor.Android.Extensions.dll
Register platform support module: C:/Program Files/Unity/Hub/Editor/2021.3.16f1/Editor/Data/PlaybackEngines/WindowsStandaloneSupport/UnityEditor.WindowsStandalone.Extensions.dll
Registered in 0.019289 seconds.
Native extension for WindowsStandalone target not found
Native extension for Android target not found
Refreshing native plugins compatible for Editor in 107.12 ms, found 9 plugins.
Preloading 1 native plugins for Editor in 0.06 ms.
Mono: successfully reloaded assembly
- Completed reload, in  1.319 seconds
Domain Reload Profiling:
	ReloadAssembly (1320ms)
		BeginReloadAssembly (190ms)
			ExecutionOrderSort (0ms)
			DisableScriptedObjects (0ms)
			BackupInstance (0ms)
			ReleaseScriptingObjects (0ms)
			CreateAndSetChildDomain (1ms)
		EndReloadAssembly (891ms)
			LoadAssemblies (188ms)
			RebuildTransferFunctionScriptingTraits (0ms)
			SetupTypeCache (234ms)
			ReleaseScriptCaches (0ms)
			RebuildScriptCaches (50ms)
			SetupLoadedEditorAssemblies (483ms)
				LogAssemblyErrors (0ms)
				InitializePlatformSupportModulesInManaged (121ms)
				SetLoadedEditorAssemblies (0ms)
				RefreshPlugins (107ms)
				BeforeProcessingInitializeOnLoad (2ms)
				ProcessInitializeOnLoadAttributes (168ms)
				ProcessInitializeOnLoadMethodAttributes (84ms)
				AfterProcessingInitializeOnLoad (0ms)
				EditorAssembliesLoaded (0ms)
			ExecutionOrderSort2 (0ms)
			AwakeInstancesAfterBackupRestoration (0ms)
Platform modules already initialized, skipping
Registering precompiled user dll's ...
Registered in 0.013905 seconds.
Begin MonoManager ReloadAssembly
Native extension for WindowsStandalone target not found
Native extension for Android target not found
Refreshing native plugins compatible for Editor in 140.61 ms, found 9 plugins.
Preloading 1 native plugins for Editor in 0.06 ms.
Package Manager log level set to [2]
System.Reflection.TargetInvocationException: Exception has been thrown by the target of an invocation. ---> System.NullReferenceException: Object reference not set to an instance of an object
  at Unity.XR.Oculus.OculusLoader.AssetPathToAbsolutePath (System.String assetPath) [0x0003d] in D:\Work Files\The Forge\Beekeeping Project\2.) Project Files\Unity Project\Beekeping\ForgeBeekeepingVR\Library\PackageCache\com.unity.xr.oculus@3.2.2\Runtime\OculusLoader.cs:296 
  at Unity.XR.Oculus.OculusLoader.EditorLoadOVRPlugin () [0x0007b] in D:\Work Files\The Forge\Beekeeping Project\2.) Project Files\Unity Project\Beekeping\ForgeBeekeepingVR\Library\PackageCache\com.unity.xr.oculus@3.2.2\Runtime\OculusLoader.cs:281 
  at (wrapper managed-to-native) System.Reflection.RuntimeMethodInfo.InternalInvoke(System.Reflection.RuntimeMethodInfo,object,object[],System.Exception&)
  at System.Reflection.RuntimeMethodInfo.Invoke (System.Object obj, System.Reflection.BindingFlags invokeAttr, System.Reflection.Binder binder, System.Object[] parameters, System.Globalization.CultureInfo culture) [0x0006a] in <75633565436c42f0a6426b33f0132ade>:0 
   --- End of inner exception stack trace ---
  at System.Reflection.RuntimeMethodInfo.Invoke (System.Object obj, System.Reflection.BindingFlags invokeAttr, System.Reflection.Binder binder, System.Object[] parameters, System.Globalization.CultureInfo culture) [0x00083] in <75633565436c42f0a6426b33f0132ade>:0 
  at System.Reflection.MethodBase.Invoke (System.Object obj, System.Object[] parameters) [0x00000] in <75633565436c42f0a6426b33f0132ade>:0 
  at UnityEditor.EditorAssemblies.ProcessInitializeOnLoadMethodAttributes () [0x000a5] in <11d97693183d4a6bb35c29ae7882c66b>:0 
UnityEngine.StackTraceUtility:ExtractStackTrace ()
UnityEngine.DebugLogHandler:LogFormat (UnityEngine.LogType,UnityEngine.Object,string,object[])
UnityEngine.Logger:Log (UnityEngine.LogType,object)
UnityEngine.Debug:LogError (object)
UnityEditor.EditorAssemblies:ProcessInitializeOnLoadMethodAttributes ()

Mono: successfully reloaded assembly
- Completed reload, in  2.100 seconds
Domain Reload Profiling:
	ReloadAssembly (2101ms)
		BeginReloadAssembly (372ms)
			ExecutionOrderSort (0ms)
			DisableScriptedObjects (15ms)
			BackupInstance (0ms)
			ReleaseScriptingObjects (0ms)
			CreateAndSetChildDomain (161ms)
		EndReloadAssembly (1476ms)
			LoadAssemblies (183ms)
			RebuildTransferFunctionScriptingTraits (0ms)
			SetupTypeCache (417ms)
			ReleaseScriptCaches (1ms)
			RebuildScriptCaches (125ms)
			SetupLoadedEditorAssemblies (664ms)
				LogAssemblyErrors (0ms)
				InitializePlatformSupportModulesInManaged (35ms)
				SetLoadedEditorAssemblies (0ms)
				RefreshPlugins (141ms)
				BeforeProcessingInitializeOnLoad (104ms)
				ProcessInitializeOnLoadAttributes (283ms)
				ProcessInitializeOnLoadMethodAttributes (79ms)
				AfterProcessingInitializeOnLoad (22ms)
				EditorAssembliesLoaded (0ms)
			ExecutionOrderSort2 (0ms)
			AwakeInstancesAfterBackupRestoration (13ms)
Platform modules already initialized, skipping
========================================================================
Worker process is ready to serve import requests
Launched and connected shader compiler UnityShaderCompiler.exe after 0.10 seconds
Refreshing native plugins compatible for Editor in 0.92 ms, found 9 plugins.
Preloading 1 native plugins for Editor in 0.07 ms.
Unloading 2036 Unused Serialized files (Serialized files now loaded: 0)
Unloading 40 unused Assets / (115.9 KB). Loaded Objects now: 2508.
Memory consumption went from 198.5 MB to 198.4 MB.
Total: 4.104700 ms (FindLiveObjects: 0.328800 ms CreateObjectMapping: 0.188900 ms MarkObjects: 3.361500 ms  DeleteObjects: 0.224000 ms)

AssetImportParameters requested are different than current active one (requested -> active):
  custom:video-decoder-ogg-theora: a1e56fd34408186e4bbccfd4996cb3dc -> 
  custom:container-muxer-webm: aa71ff27fc2769a1b78a27578f13a17b -> 
  custom:container-demuxer-webm: 4f35f7cbe854078d1ac9338744f61a02 -> 
  custom:video-encoder-webm-vp8: eb34c28f22e8b96e1ab97ce403110664 -> 
  custom:audio-encoder-webm-vorbis: bf7c407c2cedff20999df2af8eb42d56 -> 
  custom:framework-win-MediaFoundation: 216162199b28c13a410421893ffa2e32 -> 
  custom:container-demuxer-ogg: 62fdf1f143b41e24485cea50d1cbac27 -> 
  custom:video-decoder-webm-vp8: 9c59270c3fd7afecdb556c50c9e8de78 -> 
  custom:audio-decoder-ogg-vorbis: bf7c407c2cedff20999df2af8eb42d56 -> 
========================================================================
Received Import Request.
  Time since last request: 1446.672898 seconds.
  path: Assets/Particle Systems/BeeSwarm.prefab
  artifactKey: Guid(c4b8552c94ebb2541b3ffdef26b4238b) Importer(815301076,1909f56bfc062723c751e8b465ee728b)
Start importing Assets/Particle Systems/BeeSwarm.prefab using Guid(c4b8552c94ebb2541b3ffdef26b4238b) Importer(815301076,1909f56bfc062723c751e8b465ee728b)  -> (artifact id: '4f5e5f5c27887399cec2fa7c7709513e') in 0.264431 seconds 
========================================================================
Received Import Request.
  Time since last request: 46.573434 seconds.
  path: Assets/Materials/BeeSwarmMat.mat
  artifactKey: Guid(eca5b665978ef9b4aa79f68f22d29a7a) Importer(815301076,1909f56bfc062723c751e8b465ee728b)
Start importing Assets/Materials/BeeSwarmMat.mat using Guid(eca5b665978ef9b4aa79f68f22d29a7a) Importer(815301076,1909f56bfc062723c751e8b465ee728b)  -> (artifact id: 'fd2e011ba28681f541df7d3f5ed04bc5') in 0.135447 seconds 
========================================================================
Received Import Request.
  Time since last request: 333.891105 seconds.
  path: Assets/Particle Systems/BeeSwarm.prefab
  artifactKey: Guid(c4b8552c94ebb2541b3ffdef26b4238b) Importer(815301076,1909f56bfc062723c751e8b465ee728b)
Start importing Assets/Particle Systems/BeeSwarm.prefab using Guid(c4b8552c94ebb2541b3ffdef26b4238b) Importer(815301076,1909f56bfc062723c751e8b465ee728b)  -> (artifact id: '27a988c29a310bfd20117ee5a833608d') in 0.008673 seconds 
========================================================================
Received Import Request.
  Time since last request: 1798.009676 seconds.
  path: Assets/NatureManufacture Assets/Forest Environment Dynamic Nature/Beech Trees/Prefabs/prefab_beech_plant_01.prefab
  artifactKey: Guid(d1eae364af575a340bcdaad47387008a) Importer(815301076,1909f56bfc062723c751e8b465ee728b)
Start importing Assets/NatureManufacture Assets/Forest Environment Dynamic Nature/Beech Trees/Prefabs/prefab_beech_plant_01.prefab using Guid(d1eae364af575a340bcdaad47387008a) Importer(815301076,1909f56bfc062723c751e8b465ee728b)  -> (artifact id: '7daf05e7efa0a49ce53e20c1208d3506') in 1.106520 seconds 
========================================================================
Received Import Request.
  Time since last request: 0.000098 seconds.
  path: Assets/NatureManufacture Assets/Forest Environment Dynamic Nature/Beech Trees/Prefabs/prefab_beech_tree_03.prefab
  artifactKey: Guid(016dad81e5bfd3e49a340179fb4e1150) Importer(815301076,1909f56bfc062723c751e8b465ee728b)
Start importing Assets/NatureManufacture Assets/Forest Environment Dynamic Nature/Beech Trees/Prefabs/prefab_beech_tree_03.prefab using Guid(016dad81e5bfd3e49a340179fb4e1150) Importer(815301076,1909f56bfc062723c751e8b465ee728b)  -> (artifact id: 'faf11be49d39da62636919f5b5d7a0c4') in 2.351622 seconds 
========================================================================
Received Import Request.
  Time since last request: 0.000128 seconds.
  path: Assets/NatureManufacture Assets/Forest Environment Dynamic Nature/Beech Trees/Prefabs/prefab_beech_tree_04.prefab
  artifactKey: Guid(19df7a28074cb284a8aa8562718310f5) Importer(815301076,1909f56bfc062723c751e8b465ee728b)
Start importing Assets/NatureManufacture Assets/Forest Environment Dynamic Nature/Beech Trees/Prefabs/prefab_beech_tree_04.prefab using Guid(19df7a28074cb284a8aa8562718310f5) Importer(815301076,1909f56bfc062723c751e8b465ee728b)  -> (artifact id: '030a4da4f2030902773a5af53db5e648') in 1.279186 seconds 
========================================================================
Received Import Request.
  Time since last request: 0.000101 seconds.
  path: Assets/NatureManufacture Assets/Forest Environment Dynamic Nature/Beech Trees/Prefabs/prefab_beech_tree_06.prefab
  artifactKey: Guid(65926329d063fb84ea4ac2e63a6fcaa4) Importer(815301076,1909f56bfc062723c751e8b465ee728b)
Start importing Assets/NatureManufacture Assets/Forest Environment Dynamic Nature/Beech Trees/Prefabs/prefab_beech_tree_06.prefab using Guid(65926329d063fb84ea4ac2e63a6fcaa4) Importer(815301076,1909f56bfc062723c751e8b465ee728b)  -> (artifact id: '40931a5988a23fce579948909fdcbb28') in 1.676499 seconds 
========================================================================
Received Import Request.
  Time since last request: 0.000595 seconds.
  path: Assets/NatureManufacture Assets/Forest Environment Dynamic Nature/Beech Trees/Prefabs/prefab_beech_tree_09.prefab
  artifactKey: Guid(0d241a507dbce5747b598599a6d9b8cb) Importer(815301076,1909f56bfc062723c751e8b465ee728b)
Start importing Assets/NatureManufacture Assets/Forest Environment Dynamic Nature/Beech Trees/Prefabs/prefab_beech_tree_09.prefab using Guid(0d241a507dbce5747b598599a6d9b8cb) Importer(815301076,1909f56bfc062723c751e8b465ee728b)  -> (artifact id: '105aa85b37b2e020f44b7028b02ce938') in 1.438489 seconds 
========================================================================
Received Import Request.
  Time since last request: 0.000235 seconds.
  path: Assets/NatureManufacture Assets/Forest Environment Dynamic Nature/Beech Trees/Prefabs/prefab_beech_tree_05.prefab
  artifactKey: Guid(4bc7a3a4d2ed6974abae4e0cba00575a) Importer(815301076,1909f56bfc062723c751e8b465ee728b)
Start importing Assets/NatureManufacture Assets/Forest Environment Dynamic Nature/Beech Trees/Prefabs/prefab_beech_tree_05.prefab using Guid(4bc7a3a4d2ed6974abae4e0cba00575a) Importer(815301076,1909f56bfc062723c751e8b465ee728b)  -> (artifact id: '59253f7a4501bcbe400b311d4a56b25a') in 1.340917 seconds 
========================================================================
Received Import Request.
  Time since last request: 0.000123 seconds.
  path: Assets/NatureManufacture Assets/Forest Environment Dynamic Nature/Beech Trees/Prefabs/prefab_beech_tree_07.prefab
  artifactKey: Guid(987094f792fe9f946b536b171a0114c1) Importer(815301076,1909f56bfc062723c751e8b465ee728b)
Start importing Assets/NatureManufacture Assets/Forest Environment Dynamic Nature/Beech Trees/Prefabs/prefab_beech_tree_07.prefab using Guid(987094f792fe9f946b536b171a0114c1) Importer(815301076,1909f56bfc062723c751e8b465ee728b)  -> (artifact id: 'fbf34234de51f0c91cb0132229473622') in 0.915403 seconds 
========================================================================
Received Import Request.
  Time since last request: 0.000181 seconds.
  path: Assets/NatureManufacture Assets/Forest Environment Dynamic Nature/Bushes/Prefabs/Prefab_Forest_black_cherry_02.prefab
  artifactKey: Guid(cb105fbabeb70b343a692b3fb09f829e) Importer(815301076,1909f56bfc062723c751e8b465ee728b)
Start importing Assets/NatureManufacture Assets/Forest Environment Dynamic Nature/Bushes/Prefabs/Prefab_Forest_black_cherry_02.prefab using Guid(cb105fbabeb70b343a692b3fb09f829e) Importer(815301076,1909f56bfc062723c751e8b465ee728b)  -> (artifact id: '9dd519f76206daa7390f18644c0d9e77') in 0.358183 seconds 
========================================================================
Received Import Request.
  Time since last request: 0.000148 seconds.
  path: Assets/NatureManufacture Assets/Forest Environment Dynamic Nature/Beech Trees/Prefabs/prefab_beech_tree_00_B.prefab
  artifactKey: Guid(3e2e4a1eddcaef048859e7f4f222377a) Importer(815301076,1909f56bfc062723c751e8b465ee728b)
Start importing Assets/NatureManufacture Assets/Forest Environment Dynamic Nature/Beech Trees/Prefabs/prefab_beech_tree_00_B.prefab using Guid(3e2e4a1eddcaef048859e7f4f222377a) Importer(815301076,1909f56bfc062723c751e8b465ee728b)  -> (artifact id: '3aef5e79a6484779d596020649236d3c') in 3.691344 seconds 
